#
# There is insufficient memory for the Java Runtime Environment to continue.
# Native memory allocation (malloc) failed to allocate 840176 bytes for Chunk::new
# Possible reasons:
#   The system is out of physical RAM or swap space
#   The process is running with CompressedOops enabled, and the Java Heap may be blocking the growth of the native heap
# Possible solutions:
#   Reduce memory load on the system
#   Increase physical memory or swap space
#   Check if swap backing store is full
#   Decrease Java heap size (-Xmx/-Xms)
#   Decrease number of Java threads
#   Decrease Java thread stack sizes (-Xss)
#   Set larger code cache with -XX:ReservedCodeCacheSize=
#   JVM is running with Zero Based Compressed Oops mode in which the Java heap is
#     placed in the first 32GB address space. The Java Heap base address is the
#     maximum limit for the native heap growth. Please use -XX:HeapBaseMinAddress
#     to set the Java Heap base and to place the Java Heap above 32GB virtual address.
# This output file may be truncated or incomplete.
#
#  Out of Memory Error (arena.cpp:168), pid=4200, tid=27184
#
# JRE version: Java(TM) SE Runtime Environment (21.0.8+12) (build 21.0.8+12-LTS-250)
# Java VM: Java HotSpot(TM) 64-Bit Server VM (21.0.8+12-LTS-250, mixed mode, sharing, tiered, compressed oops, compressed class ptrs, g1 gc, windows-amd64)
# No core dump will be written. Minidumps are not enabled by default on client versions of Windows
#

---------------  S U M M A R Y ------------

Command Line: com.mycompany.mavenproject5.Main

Host: 11th Gen Intel(R) Core(TM) i5-11400H @ 2.70GHz, 12 cores, 11G,  Windows 11 , 64 bit Build 26100 (10.0.26100.7309)
Time: Thu Dec  4 18:00:01 2025 Hora estándar oeste, Sudamérica elapsed time: 0.983064 seconds (0d 0h 0m 0s)

---------------  T H R E A D  ---------------

Current thread (0x0000026d26927b30):  JavaThread "C2 CompilerThread1" daemon [_thread_in_native, id=27184, stack(0x000000aee8500000,0x000000aee8600000) (1024K)]


Current CompileTask:
C2:    983 1583 % !   4       com.sun.crypto.provider.PBKDF2KeyImpl::deriveKey @ 198 (302 bytes)

Stack: [0x000000aee8500000,0x000000aee8600000]
Native frames: (J=compiled Java code, j=interpreted, Vv=VM code, C=native code)
V  [jvm.dll+0x6cc179]
V  [jvm.dll+0x8584c1]
V  [jvm.dll+0x85a9ee]
V  [jvm.dll+0x85b0c3]
V  [jvm.dll+0x27ebf6]
V  [jvm.dll+0xc4f4d]
V  [jvm.dll+0xc5483]
V  [jvm.dll+0x2f209d]
V  [jvm.dll+0x5f6daa]
V  [jvm.dll+0x250702]
V  [jvm.dll+0x250abf]
V  [jvm.dll+0x2495dc]
V  [jvm.dll+0x246b44]
V  [jvm.dll+0x1c7a3e]
V  [jvm.dll+0x256359]
V  [jvm.dll+0x2548ea]
V  [jvm.dll+0x3efef6]
V  [jvm.dll+0x80279b]
V  [jvm.dll+0x6ca85d]
C  [ucrtbase.dll+0x37b0]
C  [KERNEL32.DLL+0x2e8d7]
C  [ntdll.dll+0x8c53c]


---------------  P R O C E S S  ---------------

Threads class SMR info:
_java_thread_list=0x0000026d26387a40, length=16, elements={
0x0000026cdf83e970, 0x0000026cdf83fe30, 0x0000026cdf847f70, 0x0000026cdf848a20,
0x0000026cdf855d00, 0x0000026cdf8605a0, 0x0000026cdf865940, 0x0000026cdf866ff0,
0x0000026cdfb143f0, 0x0000026cdfaf35a0, 0x0000026cdfd4e580, 0x0000026cdfd4f810,
0x0000026cdfd52290, 0x0000026cdfd9ab00, 0x0000026cbf639980, 0x0000026d26927b30
}

Java Threads: ( => current thread )
  0x0000026cdf83e970 JavaThread "Reference Handler"          daemon [_thread_blocked, id=24260, stack(0x000000aee7b00000,0x000000aee7c00000) (1024K)]
  0x0000026cdf83fe30 JavaThread "Finalizer"                  daemon [_thread_blocked, id=26852, stack(0x000000aee7c00000,0x000000aee7d00000) (1024K)]
  0x0000026cdf847f70 JavaThread "Signal Dispatcher"          daemon [_thread_blocked, id=26988, stack(0x000000aee7d00000,0x000000aee7e00000) (1024K)]
  0x0000026cdf848a20 JavaThread "Attach Listener"            daemon [_thread_blocked, id=26736, stack(0x000000aee7e00000,0x000000aee7f00000) (1024K)]
  0x0000026cdf855d00 JavaThread "Service Thread"             daemon [_thread_blocked, id=27664, stack(0x000000aee7f00000,0x000000aee8000000) (1024K)]
  0x0000026cdf8605a0 JavaThread "Monitor Deflation Thread"   daemon [_thread_blocked, id=29500, stack(0x000000aee8000000,0x000000aee8100000) (1024K)]
  0x0000026cdf865940 JavaThread "C2 CompilerThread0"         daemon [_thread_in_native, id=23868, stack(0x000000aee8100000,0x000000aee8200000) (1024K)]
  0x0000026cdf866ff0 JavaThread "C1 CompilerThread0"         daemon [_thread_in_native, id=3712, stack(0x000000aee8200000,0x000000aee8300000) (1024K)]
  0x0000026cdfb143f0 JavaThread "Notification Thread"        daemon [_thread_blocked, id=2564, stack(0x000000aee8300000,0x000000aee8400000) (1024K)]
  0x0000026cdfaf35a0 JavaThread "Common-Cleaner"             daemon [_thread_blocked, id=25240, stack(0x000000aee8400000,0x000000aee8500000) (1024K)]
  0x0000026cdfd4e580 JavaThread "Java2D Disposer"            daemon [_thread_blocked, id=24144, stack(0x000000aee8600000,0x000000aee8700000) (1024K)]
  0x0000026cdfd4f810 JavaThread "AWT-Shutdown"                      [_thread_blocked, id=2072, stack(0x000000aee8700000,0x000000aee8800000) (1024K)]
  0x0000026cdfd52290 JavaThread "AWT-Windows"                daemon [_thread_in_native, id=10524, stack(0x000000aee8800000,0x000000aee8900000) (1024K)]
  0x0000026cdfd9ab00 JavaThread "AWT-EventQueue-0"                  [_thread_in_Java, id=12608, stack(0x000000aee8900000,0x000000aee8a00000) (1024K)]
  0x0000026cbf639980 JavaThread "DestroyJavaVM"                     [_thread_blocked, id=28704, stack(0x000000aee7300000,0x000000aee7400000) (1024K)]
=>0x0000026d26927b30 JavaThread "C2 CompilerThread1"         daemon [_thread_in_native, id=27184, stack(0x000000aee8500000,0x000000aee8600000) (1024K)]
Total: 16

Other Threads:
  0x0000026cbf612f60 VMThread "VM Thread"                           [id=11396, stack(0x000000aee7a00000,0x000000aee7b00000) (1024K)]
  0x0000026cdf812f90 WatcherThread "VM Periodic Task Thread"        [id=7984, stack(0x000000aee7900000,0x000000aee7a00000) (1024K)]
  0x0000026cbf6120e0 WorkerThread "GC Thread#0"                     [id=9472, stack(0x000000aee7400000,0x000000aee7500000) (1024K)]
  0x0000026d26951a80 WorkerThread "GC Thread#1"                     [id=24972, stack(0x000000aee8c00000,0x000000aee8d00000) (1024K)]
  0x0000026d269549a0 WorkerThread "GC Thread#2"                     [id=21732, stack(0x000000aee8d00000,0x000000aee8e00000) (1024K)]
  0x0000026d269521c0 WorkerThread "GC Thread#3"                     [id=24680, stack(0x000000aee8e00000,0x000000aee8f00000) (1024K)]
  0x0000026d26953ec0 WorkerThread "GC Thread#4"                     [id=28432, stack(0x000000aee8f00000,0x000000aee9000000) (1024K)]
  0x0000026d26951e20 WorkerThread "GC Thread#5"                     [id=25180, stack(0x000000aee9000000,0x000000aee9100000) (1024K)]
  0x0000026d26952ca0 WorkerThread "GC Thread#6"                     [id=17884, stack(0x000000aee9100000,0x000000aee9200000) (1024K)]
  0x0000026d26954260 WorkerThread "GC Thread#7"                     [id=21288, stack(0x000000aee9200000,0x000000aee9300000) (1024K)]
  0x0000026d26953040 WorkerThread "GC Thread#8"                     [id=20620, stack(0x000000aee9300000,0x000000aee9400000) (1024K)]
  0x0000026d26952560 WorkerThread "GC Thread#9"                     [id=23060, stack(0x000000aee9400000,0x000000aee9500000) (1024K)]
  0x0000026cbfb4ec00 ConcurrentGCThread "G1 Main Marker"            [id=14904, stack(0x000000aee7500000,0x000000aee7600000) (1024K)]
  0x0000026cbf612bc0 WorkerThread "G1 Conc#0"                       [id=7876, stack(0x000000aee7600000,0x000000aee7700000) (1024K)]
  0x0000026cdf6e64f0 ConcurrentGCThread "G1 Refine#0"               [id=26728, stack(0x000000aee7700000,0x000000aee7800000) (1024K)]
  0x0000026cdf6e6b10 ConcurrentGCThread "G1 Service"                [id=29468, stack(0x000000aee7800000,0x000000aee7900000) (1024K)]
Total: 16

Threads with active compile tasks:
C2 CompilerThread0      995 1658   !   4       java.util.concurrent.ConcurrentHashMap::putVal (432 bytes)
C1 CompilerThread0      995 1666       3       sun.util.locale.InternalLocaleBuilder::setLanguageTag (173 bytes)
C2 CompilerThread1      995 1583 % !   4       com.sun.crypto.provider.PBKDF2KeyImpl::deriveKey @ 198 (302 bytes)
Total: 3

VM state: not at safepoint (normal execution)

VM Mutex/Monitor currently owned by a thread: None

Heap address: 0x0000000745a00000, size: 2982 MB, Compressed Oops mode: Zero based, Oop shift amount: 3

CDS archive(s) mapped at: [0x0000026ce0000000-0x0000026ce0c90000-0x0000026ce0c90000), size 13172736, SharedBaseAddress: 0x0000026ce0000000, ArchiveRelocationMode: 1.
Compressed class space mapped at: 0x0000026ce1000000-0x0000026d21000000, reserved size: 1073741824
Narrow klass base: 0x0000026ce0000000, Narrow klass shift: 0, Narrow klass range: 0x100000000

GC Precious Log:
 CardTable entry size: 512
 Card Set container configuration: InlinePtr #cards 4 size 8 Array Of Cards #cards 16 size 48 Howl #buckets 8 coarsen threshold 3686 Howl Bitmap #cards 512 size 80 coarsen threshold 460 Card regions per heap region 1 cards per card region 4096
 CPUs: 12 total, 12 available
 Memory: 11925M
 Large Page Support: Disabled
 NUMA Support: Disabled
 Compressed Oops: Enabled (Zero based)
 Heap Region Size: 2M
 Heap Min Capacity: 8M
 Heap Initial Capacity: 188M
 Heap Max Capacity: 2982M
 Pre-touch: Disabled
 Parallel Workers: 10
 Concurrent Workers: 3
 Concurrent Refinement Workers: 10
 Periodic GC: Disabled

Heap:
 garbage-first heap   total 192512K, used 18015K [0x0000000745a00000, 0x0000000800000000)
  region size 2048K, 9 young (18432K), 2 survivors (4096K)
 Metaspace       used 18310K, committed 18560K, reserved 1114112K
  class space    used 2056K, committed 2176K, reserved 1048576K

Heap Regions: E=young(eden), S=young(survivor), O=old, HS=humongous(starts), HC=humongous(continues), CS=collection set, F=free, TAMS=top-at-mark-start, PB=parsable bottom
|   0|0x0000000745a00000, 0x0000000745b97f50, 0x0000000745c00000| 79%| O|  |TAMS 0x0000000745a00000| PB 0x0000000745a00000| Untracked 
|   1|0x0000000745c00000, 0x0000000745c00000, 0x0000000745e00000|  0%| F|  |TAMS 0x0000000745c00000| PB 0x0000000745c00000| Untracked 
|   2|0x0000000745e00000, 0x0000000745e00000, 0x0000000746000000|  0%| F|  |TAMS 0x0000000745e00000| PB 0x0000000745e00000| Untracked 
|   3|0x0000000746000000, 0x0000000746000000, 0x0000000746200000|  0%| F|  |TAMS 0x0000000746000000| PB 0x0000000746000000| Untracked 
|   4|0x0000000746200000, 0x0000000746200000, 0x0000000746400000|  0%| F|  |TAMS 0x0000000746200000| PB 0x0000000746200000| Untracked 
|   5|0x0000000746400000, 0x0000000746400000, 0x0000000746600000|  0%| F|  |TAMS 0x0000000746400000| PB 0x0000000746400000| Untracked 
|   6|0x0000000746600000, 0x0000000746600000, 0x0000000746800000|  0%| F|  |TAMS 0x0000000746600000| PB 0x0000000746600000| Untracked 
|   7|0x0000000746800000, 0x0000000746800000, 0x0000000746a00000|  0%| F|  |TAMS 0x0000000746800000| PB 0x0000000746800000| Untracked 
|   8|0x0000000746a00000, 0x0000000746a00000, 0x0000000746c00000|  0%| F|  |TAMS 0x0000000746a00000| PB 0x0000000746a00000| Untracked 
|   9|0x0000000746c00000, 0x0000000746c00000, 0x0000000746e00000|  0%| F|  |TAMS 0x0000000746c00000| PB 0x0000000746c00000| Untracked 
|  10|0x0000000746e00000, 0x0000000746e00000, 0x0000000747000000|  0%| F|  |TAMS 0x0000000746e00000| PB 0x0000000746e00000| Untracked 
|  11|0x0000000747000000, 0x0000000747000000, 0x0000000747200000|  0%| F|  |TAMS 0x0000000747000000| PB 0x0000000747000000| Untracked 
|  12|0x0000000747200000, 0x0000000747200000, 0x0000000747400000|  0%| F|  |TAMS 0x0000000747200000| PB 0x0000000747200000| Untracked 
|  13|0x0000000747400000, 0x0000000747400000, 0x0000000747600000|  0%| F|  |TAMS 0x0000000747400000| PB 0x0000000747400000| Untracked 
|  14|0x0000000747600000, 0x0000000747600000, 0x0000000747800000|  0%| F|  |TAMS 0x0000000747600000| PB 0x0000000747600000| Untracked 
|  15|0x0000000747800000, 0x0000000747800000, 0x0000000747a00000|  0%| F|  |TAMS 0x0000000747800000| PB 0x0000000747800000| Untracked 
|  16|0x0000000747a00000, 0x0000000747a00000, 0x0000000747c00000|  0%| F|  |TAMS 0x0000000747a00000| PB 0x0000000747a00000| Untracked 
|  17|0x0000000747c00000, 0x0000000747c00000, 0x0000000747e00000|  0%| F|  |TAMS 0x0000000747c00000| PB 0x0000000747c00000| Untracked 
|  18|0x0000000747e00000, 0x0000000747e00000, 0x0000000748000000|  0%| F|  |TAMS 0x0000000747e00000| PB 0x0000000747e00000| Untracked 
|  19|0x0000000748000000, 0x0000000748000000, 0x0000000748200000|  0%| F|  |TAMS 0x0000000748000000| PB 0x0000000748000000| Untracked 
|  20|0x0000000748200000, 0x0000000748200000, 0x0000000748400000|  0%| F|  |TAMS 0x0000000748200000| PB 0x0000000748200000| Untracked 
|  21|0x0000000748400000, 0x0000000748400000, 0x0000000748600000|  0%| F|  |TAMS 0x0000000748400000| PB 0x0000000748400000| Untracked 
|  22|0x0000000748600000, 0x0000000748600000, 0x0000000748800000|  0%| F|  |TAMS 0x0000000748600000| PB 0x0000000748600000| Untracked 
|  23|0x0000000748800000, 0x0000000748800000, 0x0000000748a00000|  0%| F|  |TAMS 0x0000000748800000| PB 0x0000000748800000| Untracked 
|  24|0x0000000748a00000, 0x0000000748a00000, 0x0000000748c00000|  0%| F|  |TAMS 0x0000000748a00000| PB 0x0000000748a00000| Untracked 
|  25|0x0000000748c00000, 0x0000000748c00000, 0x0000000748e00000|  0%| F|  |TAMS 0x0000000748c00000| PB 0x0000000748c00000| Untracked 
|  26|0x0000000748e00000, 0x0000000748e00000, 0x0000000749000000|  0%| F|  |TAMS 0x0000000748e00000| PB 0x0000000748e00000| Untracked 
|  27|0x0000000749000000, 0x0000000749000000, 0x0000000749200000|  0%| F|  |TAMS 0x0000000749000000| PB 0x0000000749000000| Untracked 
|  28|0x0000000749200000, 0x0000000749200000, 0x0000000749400000|  0%| F|  |TAMS 0x0000000749200000| PB 0x0000000749200000| Untracked 
|  29|0x0000000749400000, 0x0000000749400000, 0x0000000749600000|  0%| F|  |TAMS 0x0000000749400000| PB 0x0000000749400000| Untracked 
|  30|0x0000000749600000, 0x0000000749600000, 0x0000000749800000|  0%| F|  |TAMS 0x0000000749600000| PB 0x0000000749600000| Untracked 
|  31|0x0000000749800000, 0x0000000749800000, 0x0000000749a00000|  0%| F|  |TAMS 0x0000000749800000| PB 0x0000000749800000| Untracked 
|  32|0x0000000749a00000, 0x0000000749a00000, 0x0000000749c00000|  0%| F|  |TAMS 0x0000000749a00000| PB 0x0000000749a00000| Untracked 
|  33|0x0000000749c00000, 0x0000000749c00000, 0x0000000749e00000|  0%| F|  |TAMS 0x0000000749c00000| PB 0x0000000749c00000| Untracked 
|  34|0x0000000749e00000, 0x0000000749e00000, 0x000000074a000000|  0%| F|  |TAMS 0x0000000749e00000| PB 0x0000000749e00000| Untracked 
|  35|0x000000074a000000, 0x000000074a000000, 0x000000074a200000|  0%| F|  |TAMS 0x000000074a000000| PB 0x000000074a000000| Untracked 
|  36|0x000000074a200000, 0x000000074a200000, 0x000000074a400000|  0%| F|  |TAMS 0x000000074a200000| PB 0x000000074a200000| Untracked 
|  37|0x000000074a400000, 0x000000074a400000, 0x000000074a600000|  0%| F|  |TAMS 0x000000074a400000| PB 0x000000074a400000| Untracked 
|  38|0x000000074a600000, 0x000000074a600000, 0x000000074a800000|  0%| F|  |TAMS 0x000000074a600000| PB 0x000000074a600000| Untracked 
|  39|0x000000074a800000, 0x000000074a800000, 0x000000074aa00000|  0%| F|  |TAMS 0x000000074a800000| PB 0x000000074a800000| Untracked 
|  40|0x000000074aa00000, 0x000000074aa00000, 0x000000074ac00000|  0%| F|  |TAMS 0x000000074aa00000| PB 0x000000074aa00000| Untracked 
|  41|0x000000074ac00000, 0x000000074ac00000, 0x000000074ae00000|  0%| F|  |TAMS 0x000000074ac00000| PB 0x000000074ac00000| Untracked 
|  42|0x000000074ae00000, 0x000000074ae00000, 0x000000074b000000|  0%| F|  |TAMS 0x000000074ae00000| PB 0x000000074ae00000| Untracked 
|  43|0x000000074b000000, 0x000000074b000000, 0x000000074b200000|  0%| F|  |TAMS 0x000000074b000000| PB 0x000000074b000000| Untracked 
|  44|0x000000074b200000, 0x000000074b200000, 0x000000074b400000|  0%| F|  |TAMS 0x000000074b200000| PB 0x000000074b200000| Untracked 
|  45|0x000000074b400000, 0x000000074b400000, 0x000000074b600000|  0%| F|  |TAMS 0x000000074b400000| PB 0x000000074b400000| Untracked 
|  46|0x000000074b600000, 0x000000074b600000, 0x000000074b800000|  0%| F|  |TAMS 0x000000074b600000| PB 0x000000074b600000| Untracked 
|  47|0x000000074b800000, 0x000000074b800000, 0x000000074ba00000|  0%| F|  |TAMS 0x000000074b800000| PB 0x000000074b800000| Untracked 
|  48|0x000000074ba00000, 0x000000074ba00000, 0x000000074bc00000|  0%| F|  |TAMS 0x000000074ba00000| PB 0x000000074ba00000| Untracked 
|  49|0x000000074bc00000, 0x000000074bc00000, 0x000000074be00000|  0%| F|  |TAMS 0x000000074bc00000| PB 0x000000074bc00000| Untracked 
|  50|0x000000074be00000, 0x000000074be00000, 0x000000074c000000|  0%| F|  |TAMS 0x000000074be00000| PB 0x000000074be00000| Untracked 
|  51|0x000000074c000000, 0x000000074c000000, 0x000000074c200000|  0%| F|  |TAMS 0x000000074c000000| PB 0x000000074c000000| Untracked 
|  52|0x000000074c200000, 0x000000074c200000, 0x000000074c400000|  0%| F|  |TAMS 0x000000074c200000| PB 0x000000074c200000| Untracked 
|  53|0x000000074c400000, 0x000000074c400000, 0x000000074c600000|  0%| F|  |TAMS 0x000000074c400000| PB 0x000000074c400000| Untracked 
|  54|0x000000074c600000, 0x000000074c600000, 0x000000074c800000|  0%| F|  |TAMS 0x000000074c600000| PB 0x000000074c600000| Untracked 
|  55|0x000000074c800000, 0x000000074c800000, 0x000000074ca00000|  0%| F|  |TAMS 0x000000074c800000| PB 0x000000074c800000| Untracked 
|  56|0x000000074ca00000, 0x000000074ca00000, 0x000000074cc00000|  0%| F|  |TAMS 0x000000074ca00000| PB 0x000000074ca00000| Untracked 
|  57|0x000000074cc00000, 0x000000074cc00000, 0x000000074ce00000|  0%| F|  |TAMS 0x000000074cc00000| PB 0x000000074cc00000| Untracked 
|  58|0x000000074ce00000, 0x000000074ce00000, 0x000000074d000000|  0%| F|  |TAMS 0x000000074ce00000| PB 0x000000074ce00000| Untracked 
|  59|0x000000074d000000, 0x000000074d000000, 0x000000074d200000|  0%| F|  |TAMS 0x000000074d000000| PB 0x000000074d000000| Untracked 
|  60|0x000000074d200000, 0x000000074d200000, 0x000000074d400000|  0%| F|  |TAMS 0x000000074d200000| PB 0x000000074d200000| Untracked 
|  61|0x000000074d400000, 0x000000074d400000, 0x000000074d600000|  0%| F|  |TAMS 0x000000074d400000| PB 0x000000074d400000| Untracked 
|  62|0x000000074d600000, 0x000000074d600000, 0x000000074d800000|  0%| F|  |TAMS 0x000000074d600000| PB 0x000000074d600000| Untracked 
|  63|0x000000074d800000, 0x000000074d800000, 0x000000074da00000|  0%| F|  |TAMS 0x000000074d800000| PB 0x000000074d800000| Untracked 
|  64|0x000000074da00000, 0x000000074da00000, 0x000000074dc00000|  0%| F|  |TAMS 0x000000074da00000| PB 0x000000074da00000| Untracked 
|  65|0x000000074dc00000, 0x000000074dc00000, 0x000000074de00000|  0%| F|  |TAMS 0x000000074dc00000| PB 0x000000074dc00000| Untracked 
|  66|0x000000074de00000, 0x000000074de00000, 0x000000074e000000|  0%| F|  |TAMS 0x000000074de00000| PB 0x000000074de00000| Untracked 
|  67|0x000000074e000000, 0x000000074e000000, 0x000000074e200000|  0%| F|  |TAMS 0x000000074e000000| PB 0x000000074e000000| Untracked 
|  68|0x000000074e200000, 0x000000074e200000, 0x000000074e400000|  0%| F|  |TAMS 0x000000074e200000| PB 0x000000074e200000| Untracked 
|  69|0x000000074e400000, 0x000000074e400000, 0x000000074e600000|  0%| F|  |TAMS 0x000000074e400000| PB 0x000000074e400000| Untracked 
|  70|0x000000074e600000, 0x000000074e600000, 0x000000074e800000|  0%| F|  |TAMS 0x000000074e600000| PB 0x000000074e600000| Untracked 
|  71|0x000000074e800000, 0x000000074e800000, 0x000000074ea00000|  0%| F|  |TAMS 0x000000074e800000| PB 0x000000074e800000| Untracked 
|  72|0x000000074ea00000, 0x000000074ea00000, 0x000000074ec00000|  0%| F|  |TAMS 0x000000074ea00000| PB 0x000000074ea00000| Untracked 
|  73|0x000000074ec00000, 0x000000074ec00000, 0x000000074ee00000|  0%| F|  |TAMS 0x000000074ec00000| PB 0x000000074ec00000| Untracked 
|  74|0x000000074ee00000, 0x000000074ee00000, 0x000000074f000000|  0%| F|  |TAMS 0x000000074ee00000| PB 0x000000074ee00000| Untracked 
|  75|0x000000074f000000, 0x000000074f000000, 0x000000074f200000|  0%| F|  |TAMS 0x000000074f000000| PB 0x000000074f000000| Untracked 
|  76|0x000000074f200000, 0x000000074f200000, 0x000000074f400000|  0%| F|  |TAMS 0x000000074f200000| PB 0x000000074f200000| Untracked 
|  77|0x000000074f400000, 0x000000074f400000, 0x000000074f600000|  0%| F|  |TAMS 0x000000074f400000| PB 0x000000074f400000| Untracked 
|  78|0x000000074f600000, 0x000000074f600000, 0x000000074f800000|  0%| F|  |TAMS 0x000000074f600000| PB 0x000000074f600000| Untracked 
|  79|0x000000074f800000, 0x000000074f800000, 0x000000074fa00000|  0%| F|  |TAMS 0x000000074f800000| PB 0x000000074f800000| Untracked 
|  80|0x000000074fa00000, 0x000000074fa00000, 0x000000074fc00000|  0%| F|  |TAMS 0x000000074fa00000| PB 0x000000074fa00000| Untracked 
|  81|0x000000074fc00000, 0x000000074fe00000, 0x000000074fe00000|100%| S|CS|TAMS 0x000000074fc00000| PB 0x000000074fc00000| Complete 
|  82|0x000000074fe00000, 0x0000000750000000, 0x0000000750000000|100%| S|CS|TAMS 0x000000074fe00000| PB 0x000000074fe00000| Complete 
|  83|0x0000000750000000, 0x0000000750000000, 0x0000000750200000|  0%| F|  |TAMS 0x0000000750000000| PB 0x0000000750000000| Untracked 
|  84|0x0000000750200000, 0x0000000750200000, 0x0000000750400000|  0%| F|  |TAMS 0x0000000750200000| PB 0x0000000750200000| Untracked 
|  85|0x0000000750400000, 0x0000000750400000, 0x0000000750600000|  0%| F|  |TAMS 0x0000000750400000| PB 0x0000000750400000| Untracked 
|  86|0x0000000750600000, 0x0000000750600000, 0x0000000750800000|  0%| F|  |TAMS 0x0000000750600000| PB 0x0000000750600000| Untracked 
|  87|0x0000000750800000, 0x0000000750898708, 0x0000000750a00000| 29%| E|  |TAMS 0x0000000750800000| PB 0x0000000750800000| Complete 
|  88|0x0000000750a00000, 0x0000000750c00000, 0x0000000750c00000|100%| E|CS|TAMS 0x0000000750a00000| PB 0x0000000750a00000| Complete 
|  89|0x0000000750c00000, 0x0000000750e00000, 0x0000000750e00000|100%| E|CS|TAMS 0x0000000750c00000| PB 0x0000000750c00000| Complete 
|  90|0x0000000750e00000, 0x0000000751000000, 0x0000000751000000|100%| E|CS|TAMS 0x0000000750e00000| PB 0x0000000750e00000| Complete 
|  91|0x0000000751000000, 0x0000000751200000, 0x0000000751200000|100%| E|CS|TAMS 0x0000000751000000| PB 0x0000000751000000| Complete 
|  92|0x0000000751200000, 0x0000000751400000, 0x0000000751400000|100%| E|CS|TAMS 0x0000000751200000| PB 0x0000000751200000| Complete 
|  93|0x0000000751400000, 0x0000000751600000, 0x0000000751600000|100%| E|CS|TAMS 0x0000000751400000| PB 0x0000000751400000| Complete 

Card table byte_map: [0x0000026cd9790000,0x0000026cd9d70000] _byte_map_base: 0x0000026cd5d63000

Marking Bits: (CMBitMap*) 0x0000026cbfb425c0
 Bits: [0x0000026cd9d70000, 0x0000026cdcc08000)

Polling page: 0x0000026cbf7e0000

Metaspace:

Usage:
  Non-class:     15.89 MB used.
      Class:      2.01 MB used.
       Both:     17.90 MB used.

Virtual space:
  Non-class space:       64.00 MB reserved,      16.06 MB ( 25%) committed,  1 nodes.
      Class space:        1.00 GB reserved,       2.12 MB ( <1%) committed,  1 nodes.
             Both:        1.06 GB reserved,      18.19 MB (  2%) committed. 

Chunk freelists:
   Non-Class:  15.73 MB
       Class:  13.69 MB
        Both:  29.42 MB

MaxMetaspaceSize: unlimited
CompressedClassSpaceSize: 1.00 GB
Initial GC threshold: 21.00 MB
Current GC threshold: 21.00 MB
CDS: on
 - commit_granule_bytes: 65536.
 - commit_granule_words: 8192.
 - virtual_space_node_default_size: 8388608.
 - enlarge_chunks_in_place: 1.
 - use_allocation_guard: 0.


Internal statistics:

num_allocs_failed_limit: 0.
num_arena_births: 202.
num_arena_deaths: 0.
num_vsnodes_births: 2.
num_vsnodes_deaths: 0.
num_space_committed: 291.
num_space_uncommitted: 0.
num_chunks_returned_to_freelist: 0.
num_chunks_taken_from_freelist: 506.
num_chunk_merges: 0.
num_chunk_splits: 343.
num_chunks_enlarged: 242.
num_inconsistent_stats: 0.

CodeHeap 'non-profiled nmethods': size=120000Kb used=602Kb max_used=602Kb free=119397Kb
 bounds [0x0000026cd1000000, 0x0000026cd1270000, 0x0000026cd8530000]
CodeHeap 'profiled nmethods': size=120000Kb used=3031Kb max_used=3031Kb free=116968Kb
 bounds [0x0000026cc9530000, 0x0000026cc9830000, 0x0000026cd0a60000]
CodeHeap 'non-nmethods': size=5760Kb used=1738Kb max_used=1761Kb free=4021Kb
 bounds [0x0000026cd0a60000, 0x0000026cd0cd0000, 0x0000026cd1000000]
 total_blobs=2287 nmethods=1661 adapters=531
 compilation: enabled
              stopped_count=0, restarted_count=0
 full_count=0

Compilation events (20 events):
Event: 0.945 Thread 0x0000026cdf865940 1580       4       sun.security.provider.DigestBase::engineDigest (112 bytes)
Event: 0.953 Thread 0x0000026cdf866ff0 1590       3       java.nio.Buffer::limit (65 bytes)
Event: 0.953 Thread 0x0000026cdf866ff0 nmethod 1590 0x0000026cc97fcd10 code [0x0000026cc97fcec0, 0x0000026cc97fd168]
Event: 0.955 Thread 0x0000026cdf866ff0 1591       3       sun.net.util.URLUtil::urlNoFragString (143 bytes)
Event: 0.955 Thread 0x0000026cdf866ff0 nmethod 1591 0x0000026cc97fd210 code [0x0000026cc97fd540, 0x0000026cc97fe510]
Event: 0.955 Thread 0x0000026cdf866ff0 1592       3       java.net.URL::getDefaultPort (8 bytes)
Event: 0.955 Thread 0x0000026cdf866ff0 nmethod 1592 0x0000026cc97fea90 code [0x0000026cc97fec40, 0x0000026cc97fee20]
Event: 0.956 Thread 0x0000026cdf865940 nmethod 1580 0x0000026cd108df90 code [0x0000026cd108e1c0, 0x0000026cd108efd8]
Event: 0.956 Thread 0x0000026cdf865940 1589       4       java.lang.StringLatin1::toUpperCase (186 bytes)
Event: 0.962 Thread 0x0000026cdf866ff0 1593       3       java.lang.Character::isJavaIdentifierPart (9 bytes)
Event: 0.962 Thread 0x0000026cdf866ff0 nmethod 1593 0x0000026cc97fef10 code [0x0000026cc97ff0c0, 0x0000026cc97ff2b8]
Event: 0.962 Thread 0x0000026cdf866ff0 1594       3       java.lang.CharacterDataLatin1::isJavaIdentifierPart (20 bytes)
Event: 0.962 Thread 0x0000026cdf866ff0 nmethod 1594 0x0000026cc97ff390 code [0x0000026cc97ff540, 0x0000026cc97ff750]
Event: 0.963 Thread 0x0000026cdf865940 nmethod 1589 0x0000026cd108fa10 code [0x0000026cd108fc00, 0x0000026cd1090530]
Event: 0.963 Thread 0x0000026cdf865940 1581       4       sun.security.provider.SHA2::implDigest (98 bytes)
Event: 0.968 Thread 0x0000026cdf866ff0 1596       3       java.util.logging.Logger::isLoggable (27 bytes)
Event: 0.968 Thread 0x0000026cdf866ff0 nmethod 1596 0x0000026cc97ff890 code [0x0000026cc97ffa40, 0x0000026cc97ffc20]
Event: 0.974 Thread 0x0000026cdf865940 nmethod 1581 0x0000026cd1090990 code [0x0000026cd1090ba0, 0x0000026cd10917b8]
Event: 0.974 Thread 0x0000026cdf865940 1595       4       java.lang.System::getSecurityManager (12 bytes)
Event: 0.974 Thread 0x0000026cdf865940 nmethod 1595 0x0000026cd1092090 code [0x0000026cd1092200, 0x0000026cd1092268]

GC Heap History (2 events):
Event: 0.670 GC heap before
{Heap before GC invocations=0 (full 0):
 garbage-first heap   total 192512K, used 20480K [0x0000000745a00000, 0x0000000800000000)
  region size 2048K, 11 young (22528K), 0 survivors (0K)
 Metaspace       used 13513K, committed 13824K, reserved 1114112K
  class space    used 1451K, committed 1600K, reserved 1048576K
}
Event: 0.674 GC heap after
{Heap after GC invocations=1 (full 0):
 garbage-first heap   total 192512K, used 5727K [0x0000000745a00000, 0x0000000800000000)
  region size 2048K, 2 young (4096K), 2 survivors (4096K)
 Metaspace       used 13513K, committed 13824K, reserved 1114112K
  class space    used 1451K, committed 1600K, reserved 1048576K
}

Dll operation events (13 events):
Event: 0.005 Loaded shared library C:\Program Files\Java\jdk-21\bin\java.dll
Event: 0.029 Loaded shared library C:\Program Files\Java\jdk-21\bin\jsvml.dll
Event: 0.070 Loaded shared library C:\Program Files\Java\jdk-21\bin\jimage.dll
Event: 0.073 Loaded shared library C:\Program Files\Java\jdk-21\bin\awt.dll
Event: 0.089 Loaded shared library C:\Program Files\Java\jdk-21\bin\net.dll
Event: 0.090 Loaded shared library C:\Program Files\Java\jdk-21\bin\nio.dll
Event: 0.095 Loaded shared library C:\Program Files\Java\jdk-21\bin\zip.dll
Event: 0.345 Loaded shared library C:\Program Files\Java\jdk-21\bin\freetype.dll
Event: 0.346 Loaded shared library C:\Program Files\Java\jdk-21\bin\fontmanager.dll
Event: 0.822 Loaded shared library C:\Program Files\Java\jdk-21\bin\extnet.dll
Event: 0.831 Loaded shared library C:\Program Files\Java\jdk-21\bin\management.dll
Event: 0.834 Loaded shared library C:\Program Files\Java\jdk-21\bin\management_ext.dll
Event: 0.890 Loaded shared library C:\Program Files\Java\jdk-21\bin\sunmscapi.dll

Deoptimization events (20 events):
Event: 0.950 Thread 0x0000026cdfd9ab00 Uncommon trap: trap_request=0xffffff45 fr.pc=0x0000026cd108dbdc relative=0x000000000000091c
Event: 0.950 Thread 0x0000026cdfd9ab00 Uncommon trap: reason=unstable_if action=reinterpret pc=0x0000026cd108dbdc method=sun.security.provider.SHA2.implCompress0([BI)V @ 4 c2
Event: 0.950 Thread 0x0000026cdfd9ab00 DEOPT PACKING pc=0x0000026cd108dbdc sp=0x000000aee89fd210
Event: 0.950 Thread 0x0000026cdfd9ab00 DEOPT UNPACKING pc=0x0000026cd0ab7da2 sp=0x000000aee89fd140 mode 2
Event: 0.966 Thread 0x0000026cdfd9ab00 Uncommon trap: trap_request=0xffffff45 fr.pc=0x0000026cd108637c relative=0x000000000000039c
Event: 0.966 Thread 0x0000026cdfd9ab00 Uncommon trap: reason=unstable_if action=reinterpret pc=0x0000026cd108637c method=java.lang.Integer.parseInt(Ljava/lang/String;I)I @ 119 c2
Event: 0.966 Thread 0x0000026cdfd9ab00 DEOPT PACKING pc=0x0000026cd108637c sp=0x000000aee89fd990
Event: 0.966 Thread 0x0000026cdfd9ab00 DEOPT UNPACKING pc=0x0000026cd0ab7da2 sp=0x000000aee89fd908 mode 2
Event: 0.972 Thread 0x0000026cdfd9ab00 Uncommon trap: trap_request=0xffffff45 fr.pc=0x0000026cd1084628 relative=0x00000000000000e8
Event: 0.972 Thread 0x0000026cdfd9ab00 Uncommon trap: reason=unstable_if action=reinterpret pc=0x0000026cd1084628 method=java.lang.CharacterDataLatin1.digit(II)I @ 7 c2
Event: 0.972 Thread 0x0000026cdfd9ab00 DEOPT PACKING pc=0x0000026cd1084628 sp=0x000000aee89fd6f0
Event: 0.972 Thread 0x0000026cdfd9ab00 DEOPT UNPACKING pc=0x0000026cd0ab7da2 sp=0x000000aee89fd5b0 mode 2
Event: 0.972 Thread 0x0000026cdfd9ab00 Uncommon trap: trap_request=0xffffff45 fr.pc=0x0000026cd10841c8 relative=0x00000000000000a8
Event: 0.972 Thread 0x0000026cdfd9ab00 Uncommon trap: reason=unstable_if action=reinterpret pc=0x0000026cd10841c8 method=java.lang.CharacterDataLatin1.digit(II)I @ 7 c2
Event: 0.972 Thread 0x0000026cdfd9ab00 DEOPT PACKING pc=0x0000026cd10841c8 sp=0x000000aee89fd650
Event: 0.972 Thread 0x0000026cdfd9ab00 DEOPT UNPACKING pc=0x0000026cd0ab7da2 sp=0x000000aee89fd5d0 mode 2
Event: 0.973 Thread 0x0000026cdfd9ab00 Uncommon trap: trap_request=0xffffff45 fr.pc=0x0000026cd10638c8 relative=0x00000000000001a8
Event: 0.973 Thread 0x0000026cdfd9ab00 Uncommon trap: reason=unstable_if action=reinterpret pc=0x0000026cd10638c8 method=java.util.concurrent.locks.ReentrantLock$NonfairSync.initialTryLock()Z @ 25 c2
Event: 0.973 Thread 0x0000026cdfd9ab00 DEOPT PACKING pc=0x0000026cd10638c8 sp=0x000000aee89fd7e0
Event: 0.973 Thread 0x0000026cdfd9ab00 DEOPT UNPACKING pc=0x0000026cd0ab7da2 sp=0x000000aee89fd6c8 mode 2

Classes loaded (20 events):
Event: 0.935 Loading class jdk/internal/access/JavaxCryptoSpecAccess
Event: 0.935 Loading class jdk/internal/access/JavaxCryptoSpecAccess done
Event: 0.959 Loading class java/util/concurrent/atomic/AtomicReferenceFieldUpdater
Event: 0.959 Loading class java/util/concurrent/atomic/AtomicReferenceFieldUpdater done
Event: 0.959 Loading class java/util/concurrent/atomic/AtomicReferenceFieldUpdater$AtomicReferenceFieldUpdaterImpl
Event: 0.959 Loading class java/util/concurrent/atomic/AtomicReferenceFieldUpdater$AtomicReferenceFieldUpdaterImpl done
Event: 0.959 Loading class java/util/concurrent/atomic/AtomicReferenceFieldUpdater$AtomicReferenceFieldUpdaterImpl$1
Event: 0.959 Loading class java/util/concurrent/atomic/AtomicReferenceFieldUpdater$AtomicReferenceFieldUpdaterImpl$1 done
Event: 0.961 Loading class java/lang/NoSuchFieldError
Event: 0.961 Loading class java/lang/NoSuchFieldError done
Event: 0.969 Loading class java/util/SimpleTimeZone
Event: 0.970 Loading class java/util/SimpleTimeZone done
Event: 0.970 Loading class java/time/LocalDateTime$1
Event: 0.970 Loading class java/time/LocalDateTime$1 done
Event: 0.970 Loading class java/time/chrono/IsoEra
Event: 0.971 Loading class java/time/chrono/Era
Event: 0.971 Loading class java/time/chrono/Era done
Event: 0.971 Loading class java/time/chrono/IsoEra done
Event: 0.971 Loading class java/time/Instant$1
Event: 0.971 Loading class java/time/Instant$1 done

Classes unloaded (0 events):
No events

Classes redefined (0 events):
No events

Internal exceptions (20 events):
Event: 0.385 Thread 0x0000026cdfd9ab00 Exception <a 'java/lang/NoSuchMethodError'{0x0000000750d6c620}: 'int java.lang.invoke.DirectMethodHandle$Holder.invokeSpecial(java.lang.Object, java.lang.Object, java.lang.Object)'> (0x0000000750d6c620) 
thrown [s\open\src\hotspot\share\interpreter\linkResolver.cpp, line 773]
Event: 0.441 Thread 0x0000026cdfd9ab00 Exception <a 'java/lang/ClassNotFoundException'{0x0000000750ba42b0}: com/sun/org/apache/xerces/internal/impl/xpath/regex/spi/messageProvider> (0x0000000750ba42b0) 
thrown [s\open\src\hotspot\share\classfile\systemDictionary.cpp, line 312]
Event: 0.625 Thread 0x0000026cdfd9ab00 Exception <a 'java/lang/NoSuchMethodError'{0x00000007503d7900}: 'java.lang.Object java.lang.invoke.DirectMethodHandle$Holder.invokeStaticInit(java.lang.Object, int, int, int, int)'> (0x00000007503d7900) 
thrown [s\open\src\hotspot\share\interpreter\linkResolver.cpp, line 773]
Event: 0.642 Thread 0x0000026cdfd9ab00 Exception <a 'java/lang/NoSuchMethodError'{0x000000075009a420}: 'java.lang.Object java.lang.invoke.DirectMethodHandle$Holder.invokeStaticInit(java.lang.Object, java.lang.Object, int, int, int, int)'> (0x000000075009a420) 
thrown [s\open\src\hotspot\share\interpreter\linkResolver.cpp, line 773]
Event: 0.704 Thread 0x0000026cdfd9ab00 Exception <a 'java/lang/NoSuchMethodError'{0x00000007515fb640}: 'java.lang.Object java.lang.invoke.Invokers$Holder.invokeExact_MT(java.lang.Object, java.lang.Object, java.lang.Object, java.lang.Object, java.lang.Object, java.lang.Object)'> (0x00000007515fb640) 
thrown [s\open\src\hotspot\share\interpreter\linkResolver.cpp, line 773]
Event: 0.710 Thread 0x0000026cdfd9ab00 Exception <a 'java/lang/NoSuchMethodError'{0x000000075126ce10}: 'java.lang.Object java.lang.invoke.DirectMethodHandle$Holder.invokeInterface(java.lang.Object, java.lang.Object, java.lang.Object)'> (0x000000075126ce10) 
thrown [s\open\src\hotspot\share\interpreter\linkResolver.cpp, line 773]
Event: 0.787 Thread 0x0000026cdfd9ab00 Exception <a 'java/lang/NoSuchMethodError'{0x0000000750e63e20}: method resolution failed> (0x0000000750e63e20) 
thrown [s\open\src\hotspot\share\prims\methodHandles.cpp, line 1144]
Event: 0.787 Thread 0x0000026cdfd9ab00 Exception <a 'java/lang/NoSuchMethodError'{0x0000000750e691d8}: 'java.lang.Object java.lang.invoke.Invokers$Holder.invokeExact_MT(java.lang.Object, java.lang.Object, java.lang.Object, java.lang.Object, java.lang.Object)'> (0x0000000750e691d8) 
thrown [s\open\src\hotspot\share\interpreter\linkResolver.cpp, line 773]
Event: 0.791 Thread 0x0000026cdfd9ab00 Exception <a 'java/lang/NoSuchMethodError'{0x0000000750e8d1f0}: 'java.lang.Object java.lang.invoke.DirectMethodHandle$Holder.invokeVirtual(java.lang.Object, java.lang.Object, java.lang.Object, java.lang.Object)'> (0x0000000750e8d1f0) 
thrown [s\open\src\hotspot\share\interpreter\linkResolver.cpp, line 773]
Event: 0.791 Thread 0x0000026cdfd9ab00 Exception <a 'java/lang/NoSuchMethodError'{0x0000000750e94c98}: 'void java.lang.invoke.DirectMethodHandle$Holder.invokeStatic(java.lang.Object, java.lang.Object, java.lang.Object, java.lang.Object)'> (0x0000000750e94c98) 
thrown [s\open\src\hotspot\share\interpreter\linkResolver.cpp, line 773]
Event: 0.798 Thread 0x0000026cdfd9ab00 Exception <a 'java/lang/NoSuchMethodError'{0x0000000750ee3ed0}: 'int java.lang.invoke.DirectMethodHandle$Holder.invokeStaticInit(java.lang.Object, java.lang.Object, java.lang.Object, java.lang.Object)'> (0x0000000750ee3ed0) 
thrown [s\open\src\hotspot\share\interpreter\linkResolver.cpp, line 773]
Event: 0.798 Thread 0x0000026cdfd9ab00 Exception <a 'java/lang/NoSuchMethodError'{0x0000000750eecaf0}: 'java.lang.Object java.lang.invoke.DirectMethodHandle$Holder.invokeInterface(java.lang.Object, java.lang.Object)'> (0x0000000750eecaf0) 
thrown [s\open\src\hotspot\share\interpreter\linkResolver.cpp, line 773]
Event: 0.799 Thread 0x0000026cdfd9ab00 Exception <a 'java/lang/IncompatibleClassChangeError'{0x0000000750ef02c8}: Found class java.lang.Object, but interface was expected> (0x0000000750ef02c8) 
thrown [s\open\src\hotspot\share\interpreter\linkResolver.cpp, line 840]
Event: 0.799 Thread 0x0000026cdfd9ab00 Exception <a 'java/lang/NoSuchMethodError'{0x0000000750ef2d60}: 'void java.lang.invoke.DirectMethodHandle$Holder.invokeStatic(java.lang.Object, java.lang.Object)'> (0x0000000750ef2d60) 
thrown [s\open\src\hotspot\share\interpreter\linkResolver.cpp, line 773]
Event: 0.799 Thread 0x0000026cdfd9ab00 Exception <a 'java/lang/NoSuchMethodError'{0x0000000750ef6588}: 'void java.lang.invoke.DirectMethodHandle$Holder.invokeStaticInit(java.lang.Object, java.lang.Object)'> (0x0000000750ef6588) 
thrown [s\open\src\hotspot\share\interpreter\linkResolver.cpp, line 773]
Event: 0.799 Thread 0x0000026cdfd9ab00 Exception <a 'java/lang/NoSuchMethodError'{0x0000000750efc050}: 'int java.lang.invoke.DirectMethodHandle$Holder.invokeStaticInit(java.lang.Object, java.lang.Object)'> (0x0000000750efc050) 
thrown [s\open\src\hotspot\share\interpreter\linkResolver.cpp, line 773]
Event: 0.902 Thread 0x0000026cdfd9ab00 Exception <a 'sun/nio/fs/WindowsException'{0x0000000750dd6368}> (0x0000000750dd6368) 
thrown [s\open\src\hotspot\share\prims\jni.cpp, line 520]
Event: 0.934 Thread 0x0000026cdfd9ab00 Exception <a 'java/lang/NoSuchMethodError'{0x0000000750a1d128}: 'void java.lang.invoke.DirectMethodHandle$Holder.invokeStatic(java.lang.Object, java.lang.Object, java.lang.Object)'> (0x0000000750a1d128) 
thrown [s\open\src\hotspot\share\interpreter\linkResolver.cpp, line 773]
Event: 0.935 Thread 0x0000026cdfd9ab00 Exception <a 'java/lang/NoSuchMethodError'{0x0000000750a22f68}: 'void java.lang.invoke.DirectMethodHandle$Holder.invokeVirtual(java.lang.Object, java.lang.Object)'> (0x0000000750a22f68) 
thrown [s\open\src\hotspot\share\interpreter\linkResolver.cpp, line 773]
Event: 0.950 Thread 0x0000026cdfd9ab00 Implicit null exception at 0x0000026cd108d304 to 0x0000026cd108dbc0

ZGC Phase Switch (0 events):
No events

VM Operations (20 events):
Event: 0.528 Executing VM operation: HandshakeAllThreads (Deoptimize)
Event: 0.528 Executing VM operation: HandshakeAllThreads (Deoptimize) done
Event: 0.594 Executing VM operation: HandshakeAllThreads (Deoptimize)
Event: 0.594 Executing VM operation: HandshakeAllThreads (Deoptimize) done
Event: 0.608 Executing VM operation: HandshakeAllThreads (Deoptimize)
Event: 0.608 Executing VM operation: HandshakeAllThreads (Deoptimize) done
Event: 0.648 Executing VM operation: ICBufferFull
Event: 0.648 Executing VM operation: ICBufferFull done
Event: 0.670 Executing VM operation: G1CollectForAllocation (G1 Evacuation Pause)
Event: 0.674 Executing VM operation: G1CollectForAllocation (G1 Evacuation Pause) done
Event: 0.733 Executing VM operation: HandshakeAllThreads (Deoptimize)
Event: 0.733 Executing VM operation: HandshakeAllThreads (Deoptimize) done
Event: 0.736 Executing VM operation: HandshakeAllThreads (Deoptimize)
Event: 0.736 Executing VM operation: HandshakeAllThreads (Deoptimize) done
Event: 0.893 Executing VM operation: HandshakeAllThreads (Deoptimize)
Event: 0.893 Executing VM operation: HandshakeAllThreads (Deoptimize) done
Event: 0.903 Executing VM operation: HandshakeAllThreads (Deoptimize)
Event: 0.903 Executing VM operation: HandshakeAllThreads (Deoptimize) done
Event: 0.908 Executing VM operation: HandshakeAllThreads (Deoptimize)
Event: 0.908 Executing VM operation: HandshakeAllThreads (Deoptimize) done

Events (20 events):
Event: 0.016 Thread 0x0000026cbf639980 Thread added: 0x0000026cbf639980
Event: 0.027 Thread 0x0000026cdf83e970 Thread added: 0x0000026cdf83e970
Event: 0.027 Thread 0x0000026cdf83fe30 Thread added: 0x0000026cdf83fe30
Event: 0.027 Thread 0x0000026cdf847f70 Thread added: 0x0000026cdf847f70
Event: 0.027 Thread 0x0000026cdf848a20 Thread added: 0x0000026cdf848a20
Event: 0.027 Thread 0x0000026cdf855d00 Thread added: 0x0000026cdf855d00
Event: 0.027 Thread 0x0000026cdf8605a0 Thread added: 0x0000026cdf8605a0
Event: 0.027 Thread 0x0000026cdf865940 Thread added: 0x0000026cdf865940
Event: 0.027 Thread 0x0000026cdf866ff0 Thread added: 0x0000026cdf866ff0
Event: 0.046 Thread 0x0000026cdfb143f0 Thread added: 0x0000026cdfb143f0
Event: 0.049 Thread 0x0000026cdfaf35a0 Thread added: 0x0000026cdfaf35a0
Event: 0.100 Thread 0x0000026cdfb5c060 Thread added: 0x0000026cdfb5c060
Event: 0.122 Thread 0x0000026cdfd4e580 Thread added: 0x0000026cdfd4e580
Event: 0.123 Thread 0x0000026cdfd4f810 Thread added: 0x0000026cdfd4f810
Event: 0.124 Thread 0x0000026cdfd52290 Thread added: 0x0000026cdfd52290
Event: 0.179 Thread 0x0000026cdfd9ab00 Thread added: 0x0000026cdfd9ab00
Event: 0.179 Thread 0x0000026cbf639980 Thread exited: 0x0000026cbf639980
Event: 0.179 Thread 0x0000026cbf639980 Thread added: 0x0000026cbf639980
Event: 0.340 Thread 0x0000026cdfb5c060 Thread exited: 0x0000026cdfb5c060
Event: 0.491 Thread 0x0000026d26927b30 Thread added: 0x0000026d26927b30


Dynamic libraries:
0x00007ff7b6750000 - 0x00007ff7b6760000 	C:\Program Files\Java\jdk-21\bin\java.exe
0x00007ff938be0000 - 0x00007ff938e47000 	C:\WINDOWS\SYSTEM32\ntdll.dll
0x00007ff938210000 - 0x00007ff9382d9000 	C:\WINDOWS\System32\KERNEL32.DLL
0x00007ff9360f0000 - 0x00007ff9364df000 	C:\WINDOWS\System32\KERNELBASE.dll
0x00007ff935d30000 - 0x00007ff935e7b000 	C:\WINDOWS\System32\ucrtbase.dll
0x00007ff92ce60000 - 0x00007ff92ce79000 	C:\Program Files\Java\jdk-21\bin\jli.dll
0x00007ff932570000 - 0x00007ff93258b000 	C:\Program Files\Java\jdk-21\bin\VCRUNTIME140.dll
0x00007ff938ae0000 - 0x00007ff938b94000 	C:\WINDOWS\System32\ADVAPI32.dll
0x00007ff9386a0000 - 0x00007ff938749000 	C:\WINDOWS\System32\msvcrt.dll
0x00007ff937560000 - 0x00007ff937606000 	C:\WINDOWS\System32\sechost.dll
0x00007ff9383f0000 - 0x00007ff938508000 	C:\WINDOWS\System32\RPCRT4.dll
0x00007ff9371e0000 - 0x00007ff9373a5000 	C:\WINDOWS\System32\USER32.dll
0x00007ff936660000 - 0x00007ff936687000 	C:\WINDOWS\System32\win32u.dll
0x00007ff917ce0000 - 0x00007ff917f73000 	C:\WINDOWS\WinSxS\amd64_microsoft.windows.common-controls_6595b64144ccf1df_6.0.26100.7309_none_3e05feeae336a044\COMCTL32.dll
0x00007ff9371b0000 - 0x00007ff9371db000 	C:\WINDOWS\System32\GDI32.dll
0x00007ff935f10000 - 0x00007ff93603c000 	C:\WINDOWS\System32\gdi32full.dll
0x00007ff936040000 - 0x00007ff9360e3000 	C:\WINDOWS\System32\msvcp_win.dll
0x00007ff92c6a0000 - 0x00007ff92c6ab000 	C:\WINDOWS\SYSTEM32\VERSION.dll
0x00007ff937140000 - 0x00007ff937171000 	C:\WINDOWS\System32\IMM32.DLL
0x00007ff917f80000 - 0x00007ff917f8c000 	C:\Program Files\Java\jdk-21\bin\vcruntime140_1.dll
0x00007ff8eac80000 - 0x00007ff8ead0e000 	C:\Program Files\Java\jdk-21\bin\msvcp140.dll
0x00007ff89f0a0000 - 0x00007ff89fdbd000 	C:\Program Files\Java\jdk-21\bin\server\jvm.dll
0x00007ff938370000 - 0x00007ff9383e4000 	C:\WINDOWS\System32\WS2_32.dll
0x00007ff935720000 - 0x00007ff93577e000 	C:\WINDOWS\SYSTEM32\POWRPROF.dll
0x00007ff928fc0000 - 0x00007ff928ff5000 	C:\WINDOWS\SYSTEM32\WINMM.dll
0x00007ff935700000 - 0x00007ff935714000 	C:\WINDOWS\SYSTEM32\UMPDC.dll
0x00007ff934ac0000 - 0x00007ff934adb000 	C:\WINDOWS\SYSTEM32\kernel.appcore.dll
0x00007ff912470000 - 0x00007ff91247a000 	C:\Program Files\Java\jdk-21\bin\jimage.dll
0x00007ff933420000 - 0x00007ff933662000 	C:\WINDOWS\SYSTEM32\DBGHELP.DLL
0x00007ff938750000 - 0x00007ff938ad6000 	C:\WINDOWS\System32\combase.dll
0x00007ff938060000 - 0x00007ff938136000 	C:\WINDOWS\System32\OLEAUT32.dll
0x00007ff928600000 - 0x00007ff92863c000 	C:\WINDOWS\SYSTEM32\dbgcore.DLL
0x00007ff9368d0000 - 0x00007ff936975000 	C:\WINDOWS\System32\bcryptPrimitives.dll
0x00007ff912490000 - 0x00007ff9124af000 	C:\Program Files\Java\jdk-21\bin\java.dll
0x00007ff937610000 - 0x00007ff937d63000 	C:\WINDOWS\System32\SHELL32.dll
0x00007ff9364f0000 - 0x00007ff93665a000 	C:\WINDOWS\System32\wintypes.dll
0x00007ff933910000 - 0x00007ff93416e000 	C:\WINDOWS\SYSTEM32\windows.storage.dll
0x00007ff937f60000 - 0x00007ff938054000 	C:\WINDOWS\System32\SHCORE.dll
0x00007ff938140000 - 0x00007ff9381a6000 	C:\WINDOWS\System32\shlwapi.dll
0x00007ff935c50000 - 0x00007ff935c79000 	C:\WINDOWS\SYSTEM32\profapi.dll
0x00007ff8e1170000 - 0x00007ff8e1247000 	C:\Program Files\Java\jdk-21\bin\jsvml.dll
0x00007ff8dbf00000 - 0x00007ff8dc08f000 	C:\Program Files\Java\jdk-21\bin\awt.dll
0x00007ff932760000 - 0x00007ff9327ff000 	C:\WINDOWS\SYSTEM32\apphelp.dll
0x00007ff912350000 - 0x00007ff912360000 	C:\Program Files\Java\jdk-21\bin\net.dll
0x00007ff92cf90000 - 0x00007ff92d0b8000 	C:\WINDOWS\SYSTEM32\WINHTTP.dll
0x00007ff935050000 - 0x00007ff9350bb000 	C:\WINDOWS\system32\mswsock.dll
0x00007ff8fa720000 - 0x00007ff8fa736000 	C:\Program Files\Java\jdk-21\bin\nio.dll
0x00007ff8f9e80000 - 0x00007ff8f9e98000 	C:\Program Files\Java\jdk-21\bin\zip.dll
0x00007ff9328d0000 - 0x00007ff93297b000 	C:\WINDOWS\system32\uxtheme.dll
0x00007ff938530000 - 0x00007ff93868e000 	C:\WINDOWS\System32\MSCTF.dll
0x00007ff9373b0000 - 0x00007ff937547000 	C:\WINDOWS\System32\ole32.dll
0x00007ff932e60000 - 0x00007ff932e90000 	C:\WINDOWS\system32\DWMAPI.DLL
0x00007ff8ead30000 - 0x00007ff8eae40000 	C:\WINDOWS\system32\opengl32.dll
0x00007ff8ea9b0000 - 0x00007ff8ea9dd000 	C:\WINDOWS\SYSTEM32\GLU32.dll
0x00007ff932bb0000 - 0x00007ff932bf4000 	C:\WINDOWS\SYSTEM32\dxcore.dll
0x00007ff87e970000 - 0x00007ff87eb23000 	C:\WINDOWS\system32\d3d9.dll
0x00007ff90d020000 - 0x00007ff90d0e2000 	C:\WINDOWS\System32\DriverStore\FileRepository\nvhm.inf_amd64_faa7ec917cf45083\nvldumdx.dll
0x00007ff935370000 - 0x00007ff935383000 	C:\WINDOWS\SYSTEM32\msasn1.dll
0x00007ff92b250000 - 0x00007ff92b28b000 	C:\WINDOWS\SYSTEM32\cryptnet.dll
0x00007ff936690000 - 0x00007ff936807000 	C:\WINDOWS\System32\CRYPT32.dll
0x00007ff935590000 - 0x00007ff93559c000 	C:\WINDOWS\SYSTEM32\cryptbase.dll
0x00007ff935450000 - 0x00007ff9354b5000 	C:\WINDOWS\SYSTEM32\wldp.dll
0x00007ff92c0d0000 - 0x00007ff92c24b000 	C:\WINDOWS\SYSTEM32\drvstore.dll
0x00007ff935990000 - 0x00007ff9359bd000 	C:\WINDOWS\SYSTEM32\devobj.dll
0x00007ff9359c0000 - 0x00007ff935a17000 	C:\WINDOWS\SYSTEM32\cfgmgr32.dll
0x00007ff935e80000 - 0x00007ff935f00000 	C:\WINDOWS\System32\wintrust.dll
0x00007ff937f30000 - 0x00007ff937f50000 	C:\WINDOWS\System32\imagehlp.dll
0x00007ff935310000 - 0x00007ff93532b000 	C:\WINDOWS\SYSTEM32\CRYPTSP.dll
0x00007ff934a10000 - 0x00007ff934a4a000 	C:\WINDOWS\system32\rsaenh.dll
0x00007ff935c20000 - 0x00007ff935c4a000 	C:\WINDOWS\SYSTEM32\bcrypt.dll
0x00007ff906600000 - 0x00007ff90a0b3000 	C:\WINDOWS\System32\DriverStore\FileRepository\nvhm.inf_amd64_faa7ec917cf45083\nvgpucomp64.dll
0x00007ff9063c0000 - 0x00007ff90649d000 	C:\WINDOWS\System32\DriverStore\FileRepository\nvhm.inf_amd64_faa7ec917cf45083\NvMemMapStoragex.dll
0x00007ff864d70000 - 0x00007ff866ffd000 	C:\WINDOWS\System32\DriverStore\FileRepository\nvhm.inf_amd64_faa7ec917cf45083\nvd3dumx.dll
0x00007ff92c800000 - 0x00007ff92c863000 	C:\WINDOWS\SYSTEM32\directxdatabasehelper.dll
0x00007ff9350c0000 - 0x00007ff9350f2000 	C:\WINDOWS\SYSTEM32\gpapi.dll
0x00007ff8bed80000 - 0x00007ff8bef34000 	C:\WINDOWS\System32\DriverStore\FileRepository\nvhm.inf_amd64_faa7ec917cf45083\nvppex.dll
0x00007ff8c5e80000 - 0x00007ff8c5f07000 	C:\Program Files\Java\jdk-21\bin\freetype.dll
0x00007ff8c50a0000 - 0x00007ff8c518a000 	C:\Program Files\Java\jdk-21\bin\fontmanager.dll
0x00007ff935100000 - 0x00007ff93512b000 	C:\WINDOWS\SYSTEM32\USERENV.dll
0x00007ff934490000 - 0x00007ff9344c4000 	C:\WINDOWS\SYSTEM32\IPHLPAPI.DLL
0x00007ff938510000 - 0x00007ff93851a000 	C:\WINDOWS\System32\NSI.dll
0x00007ff934530000 - 0x00007ff93465c000 	C:\WINDOWS\SYSTEM32\DNSAPI.dll
0x00007ff928dc0000 - 0x00007ff928dcb000 	C:\Windows\System32\rasadhlp.dll
0x00007ff92c540000 - 0x00007ff92c5c6000 	C:\WINDOWS\System32\fwpuclnt.dll
0x00007ff92ca50000 - 0x00007ff92ca59000 	C:\Program Files\Java\jdk-21\bin\extnet.dll
0x00007ff92de70000 - 0x00007ff92de7a000 	C:\Program Files\Java\jdk-21\bin\management.dll
0x00007ff92de60000 - 0x00007ff92de6b000 	C:\Program Files\Java\jdk-21\bin\management_ext.dll
0x00007ff937550000 - 0x00007ff937558000 	C:\WINDOWS\System32\PSAPI.DLL
0x00007ff92cc90000 - 0x00007ff92cc9e000 	C:\Program Files\Java\jdk-21\bin\sunmscapi.dll
0x00007ff9355a0000 - 0x00007ff9355d0000 	C:\WINDOWS\SYSTEM32\ncrypt.dll
0x00007ff935540000 - 0x00007ff93557f000 	C:\WINDOWS\SYSTEM32\NTASN1.dll

dbghelp: loaded successfully - version: 4.0.5 - missing functions: none
symbol engine: initialized successfully - sym options: 0x614 - pdb path: .;C:\Program Files\Java\jdk-21\bin;C:\WINDOWS\SYSTEM32;C:\WINDOWS\WinSxS\amd64_microsoft.windows.common-controls_6595b64144ccf1df_6.0.26100.7309_none_3e05feeae336a044;C:\Program Files\Java\jdk-21\bin\server;C:\WINDOWS\System32\DriverStore\FileRepository\nvhm.inf_amd64_faa7ec917cf45083

VM Arguments:
java_command: com.mycompany.mavenproject5.Main
java_class_path (initial): C:\Users\modos\OneDrive\Documentos\NetBeansProjects\mavenproject5\target\classes;C:\Users\modos\.m2\repository\org\hibernate\orm\hibernate-core\6.4.4.Final\hibernate-core-6.4.4.Final.jar;C:\Users\modos\.m2\repository\jakarta\persistence\jakarta.persistence-api\3.1.0\jakarta.persistence-api-3.1.0.jar;C:\Users\modos\.m2\repository\jakarta\transaction\jakarta.transaction-api\2.0.1\jakarta.transaction-api-2.0.1.jar;C:\Users\modos\.m2\repository\org\jboss\logging\jboss-logging\3.5.0.Final\jboss-logging-3.5.0.Final.jar;C:\Users\modos\.m2\repository\org\hibernate\common\hibernate-commons-annotations\6.0.6.Final\hibernate-commons-annotations-6.0.6.Final.jar;C:\Users\modos\.m2\repository\io\smallrye\jandex\3.1.2\jandex-3.1.2.jar;C:\Users\modos\.m2\repository\com\fasterxml\classmate\1.5.1\classmate-1.5.1.jar;C:\Users\modos\.m2\repository\net\bytebuddy\byte-buddy\1.14.11\byte-buddy-1.14.11.jar;C:\Users\modos\.m2\repository\jakarta\xml\bind\jakarta.xml.bind-api\4.0.0\jakarta.xml.bind-api-4.0.0.jar;C:\Users\modos\.m2\repository\jakarta\activation\jakarta.activation-api\2.1.0\jakarta.activation-api-2.1.0.jar;C:\Users\modos\.m2\repository\org\glassfish\jaxb\jaxb-runtime\4.0.2\jaxb-runtime-4.0.2.jar;C:\Users\modos\.m2\repository\org\glassfish\jaxb\jaxb-core\4.0.2\jaxb-core-4.0.2.jar;C:\Users\modos\.m2\repository\org\eclipse\angus\angus-activation\2.0.0\angus-activation-2.0.0.jar;C:\Users\modos\.m2\repository\org\glassfish\jaxb\txw2\4.0.2\txw2-4.0.2.jar;C:\Users\modos\.m2\repository\com\sun\istack\istack-commons-runtime\4.1.1\istack-commons-runtime-4.1.1.jar;C:\Users\modos\.m2\repository\jakarta\inject\jakarta.inject-api\2.0.1\jakarta.inject-api-2.0.1.jar;C:\Users\modos\.m2\repository\org\antlr\antlr4-runtime\4.13.0\antlr4-runtime-4.13.0.jar;C:\Users\modos\.m2\repository\org\postgresql\postgresql\42.7.2\postgresql-42.7.2.jar;C:\Users\modos\.m2\repository\org\checkerframework\checker-qual\3.42.0\checker-qual-3.42.0.jar
Launcher Type: SUN_STANDARD

[Global flags]
     intx CICompilerCount                          = 4                                         {product} {ergonomic}
     uint ConcGCThreads                            = 3                                         {product} {ergonomic}
     uint G1ConcRefinementThreads                  = 10                                        {product} {ergonomic}
   size_t G1HeapRegionSize                         = 2097152                                   {product} {ergonomic}
    uintx GCDrainStackTargetSize                   = 64                                        {product} {ergonomic}
   size_t InitialHeapSize                          = 197132288                                 {product} {ergonomic}
   size_t MarkStackSize                            = 4194304                                   {product} {ergonomic}
   size_t MaxHeapSize                              = 3126853632                                {product} {ergonomic}
   size_t MaxNewSize                               = 1874853888                                {product} {ergonomic}
   size_t MinHeapDeltaBytes                        = 2097152                                   {product} {ergonomic}
   size_t MinHeapSize                              = 8388608                                   {product} {ergonomic}
    uintx NonNMethodCodeHeapSize                   = 5839372                                {pd product} {ergonomic}
    uintx NonProfiledCodeHeapSize                  = 122909434                              {pd product} {ergonomic}
    uintx ProfiledCodeHeapSize                     = 122909434                              {pd product} {ergonomic}
    uintx ReservedCodeCacheSize                    = 251658240                              {pd product} {ergonomic}
     bool SegmentedCodeCache                       = true                                      {product} {ergonomic}
   size_t SoftMaxHeapSize                          = 3126853632                             {manageable} {ergonomic}
     bool UseCompressedOops                        = true                           {product lp64_product} {ergonomic}
     bool UseG1GC                                  = true                                      {product} {ergonomic}
     bool UseLargePagesIndividualAllocation        = false                                  {pd product} {ergonomic}

Logging:
Log output configuration:
 #0: stdout all=warning uptime,level,tags foldmultilines=false
 #1: stderr all=off uptime,level,tags foldmultilines=false

Environment Variables:
JAVA_HOME=C:\Program Files\Java\jdk-21
CLASSPATH=.;C:\Program Files (x86)\QuickTime\QTSystem\QTJava.zip
PATH=C:\Program Files (x86)\Embarcadero\Studio\22.0\bin;C:\Users\Public\Documents\Embarcadero\Studio\22.0\Bpl;C:\Program Files (x86)\Embarcadero\Studio\22.0\bin64;C:\Users\Public\Documents\Embarcadero\Studio\22.0\Bpl\Win64;C:\Program Files\Common Files\Oracle\Java\javapath;C:\Program Files (x86)\Embarcadero\Studio\19.0\bin;C:\Users\modos\OneDrive\Documentos\Embarcadero\Studio\19.0\Bpl;C:\Program Files (x86)\Embarcadero\Studio\19.0\bin64;C:\Users\modos\OneDrive\Documentos\Embarcadero\Studio\19.0\Bpl\Win64;C:\WINDOWS\system32;C:\WINDOWS;C:\WINDOWS\System32\Wbem;C:\WINDOWS\System32\WindowsPowerShell\v1.0\;C:\WINDOWS\System32\OpenSSH\;C:\Program Files (x86)\QuickTime\QTSystem\;D:\swipl\bin;C:\Program Files\Git\cmd;C:\Program Files\Docker\Docker\resources\bin;C:\Program Files\Java\jdk-21\bin;C:\Program Files (x86)\Windows Kits\10\Windows Performance Toolkit\;C:\msys64\ucrt64\bin;C:\Program Files\nodejs\;C:\Users\modos\AppData\Local\Programs\Python\Python314\;C:\Users\modos\AppData\Local\Programs\Python\Python314\Scripts\;C:\minikube;C:\apache\apache-maven-3.9.11-bin\apache-maven-3.9.11\bin;C:\Users\modos\AppData\Local\Programs\Python\Python314\Scripts\;C:\Users\modos\AppData\Local\Programs\Python\Python314\;C:\Users\modos\AppData\Local\Programs\Microsoft VS Code\bin;C:\flutter\bin;C:\Users\modos\AppData\Local\Microsoft\WindowsApps;C:\Users\modos\AppData\Roaming\npm;C:\apache\apache-maven-3.9.11-bin\apache-maven-3.9.11\bin;
USERNAME=HP
OS=Windows_NT
PROCESSOR_IDENTIFIER=Intel64 Family 6 Model 141 Stepping 1, GenuineIntel
TMP=C:\Users\modos\AppData\Local\Temp
TEMP=C:\Users\modos\AppData\Local\Temp




Periodic native trim disabled

---------------  S Y S T E M  ---------------

OS:
 Windows 11 , 64 bit Build 26100 (10.0.26100.7309)
OS uptime: 0 days 6:03 hours
Hyper-V role detected

CPU: total 12 (initial active 12) (6 cores per cpu, 2 threads per core) family 6 model 141 stepping 1 microcode 0x4e, cx8, cmov, fxsr, ht, mmx, 3dnowpref, sse, sse2, sse3, ssse3, sse4.1, sse4.2, popcnt, lzcnt, tsc, tscinvbit, avx, avx2, aes, erms, clmul, bmi1, bmi2, adx, avx512f, avx512dq, avx512cd, avx512bw, avx512vl, sha, fma, vzeroupper, avx512_vpopcntdq, avx512_vpclmulqdq, avx512_vaes, avx512_vnni, clflush, clflushopt, clwb, avx512_vbmi2, avx512_vbmi, hv, rdtscp, rdpid, fsrm, gfni, avx512_bitalg, f16c, cet_ibt, cet_ss, avx512_ifma
Processor Information for all 12 processors :
  Max Mhz: 2688, Current Mhz: 2688, Mhz Limit: 2688

Memory: 4k page, system-wide physical 11925M (1250M free)
TotalPageFile size 27037M (AvailPageFile size 4M)
current process WorkingSet (physical memory assigned to process): 132M, peak: 132M
current process commit charge ("private bytes"): 338M, peak: 338M

vm_info: Java HotSpot(TM) 64-Bit Server VM (21.0.8+12-LTS-250) for windows-amd64 JRE (21.0.8+12-LTS-250), built on 2025-06-27T08:11:22Z by "mach5one" with MS VC++ 17.6 (VS2022)

END.
